<?xml version="1.0" encoding="UTF-8"?>
<!-- Generated by org.testng.reporters.JUnitReportReporter -->
<testsuite hostname="Anas" failures="0" tests="1" name="myPackage.MyFirstTestCASES" time="30.751" errors="0" timestamp="2023-11-06T12:20:28 EET" skipped="0">
  <testcase classname="myPackage.MyFirstTestCASES" name="testOneApp" time="30.751"/>
  <system-out/>
</testsuite> <!-- myPackage.MyFirstTestCASES -->
